{"action":"DELETE_BOOKING","actor_id":4,"actor_name":"khach2","level":"info","message":"Hành động hủy sân được thực hiện","target_booking_id":"11","time":"2026-03-08T18:29:29.749Z","timestamp":"2026-03-09 01:29:29"}
{"level":"info","message":"🤖 [CRON JOB] Bắt đầu kiểm tra và cập nhật trạng thái sân...","timestamp":"2026-03-10 18:45:00"}
{"level":"error","message":"❌ [CRON JOB] Lỗi hệ thống khi cập nhật sân: bookingService.updateCompletedBookings is not a function","timestamp":"2026-03-10 18:45:00"}
{"level":"error","message":"Lỗi api thống kê Admin:', select sum(\"total price\") as \"total revenue\" from \"Bookings\" where \"status\" in ($1, $2) - column \"total price\" does not exist","timestamp":"2026-03-10 18:46:21"}
{"level":"error","message":"Lỗi api thống kê Admin:', select sum(\"total price\") as \"total revenue\" from \"Bookings\" where \"status\" in ($1, $2) - column \"total price\" does not exist","timestamp":"2026-03-10 18:46:24"}
{"level":"error","message":"Lỗi api thống kê Admin:', select sum(\"total price\") as \"total revenue\" from \"Bookings\" where \"status\" in ($1, $2) - column \"total price\" does not exist","timestamp":"2026-03-10 18:47:20"}
{"level":"error","message":"Lỗi api thống kê Admin:', select sum(\"total price\") as \"total revenue\" from \"Bookings\" where \"status\" in ($1, $2) - column \"total price\" does not exist","timestamp":"2026-03-10 18:47:30"}
{"level":"info","message":"🤖 [CRON JOB] Bắt đầu kiểm tra và cập nhật trạng thái sân...","timestamp":"2026-03-11 02:00:00"}
{"level":"error","message":"❌ [CRON JOB] Lỗi hệ thống khi cập nhật sân: bookingService.updateCompletedBookings is not a function","timestamp":"2026-03-11 02:00:00"}
{"level":"error","message":"Lỗi api thống kê Admin: bookingService.updateCompletedBookings is not a function","timestamp":"2026-03-11 02:04:37"}
{"level":"info","message":"🤖 [CRON JOB] Bắt đầu kiểm tra và cập nhật trạng thái sân...","timestamp":"2026-03-11 03:15:00"}
{"level":"info","message":"⏳ [CRON JOB] Không có sân nào cần cập nhật lúc này.","timestamp":"2026-03-11 03:15:00"}
{"level":"info","message":"🤖 [CRON JOB] Bắt đầu kiểm tra và cập nhật trạng thái sân...","timestamp":"2026-03-11 03:30:00"}
{"level":"info","message":"⏳ [CRON JOB] Không có sân nào cần cập nhật lúc này.","timestamp":"2026-03-11 03:30:00"}
{"level":"info","message":"🤖 [CRON JOB] Bắt đầu kiểm tra và cập nhật trạng thái sân...","timestamp":"2026-03-11 03:45:00"}
{"level":"info","message":"🤖 [CRON JOB] Bắt đầu kiểm tra và cập nhật trạng thái sân...","timestamp":"2026-03-11 10:45:00"}
{"level":"info","message":"✅ [CRON JOB] Đã tự động chuyển 1 sân thành 'Completed'.","timestamp":"2026-03-11 03:45:00"}
{"level":"info","message":"⏳ [CRON JOB] Không có sân nào cần cập nhật lúc này.","timestamp":"2026-03-11 10:45:00"}
{"level":"info","message":"🤖 [CRON JOB] Bắt đầu kiểm tra và cập nhật trạng thái sân...","timestamp":"2026-03-11 04:00:00"}
{"level":"info","message":"⏳ [CRON JOB] Không có sân nào cần cập nhật lúc này.","timestamp":"2026-03-11 04:00:00"}
{"level":"info","message":"🤖 [CRON JOB] Bắt đầu kiểm tra và cập nhật trạng thái sân...","timestamp":"2026-03-11 11:00:00"}
{"level":"info","message":"⏳ [CRON JOB] Không có sân nào cần cập nhật lúc này.","timestamp":"2026-03-11 11:00:00"}
{"level":"info","message":"[CRON JOB] Bắt đầu kiểm tra và cập nhật trạng thái sân...","timestamp":"2026-03-11 04:15:00"}
{"level":"info","message":"[CRON JOB] Không có sân nào cần cập nhật lúc này.","timestamp":"2026-03-11 04:15:00"}
{"level":"info","message":"[CRON JOB] Bắt đầu kiểm tra và cập nhật trạng thái sân...","timestamp":"2026-03-11 11:15:00"}
{"level":"info","message":"[CRON JOB] Không có sân nào cần cập nhật lúc này.","timestamp":"2026-03-11 11:15:00"}
{"level":"info","message":"[CRON JOB] Bắt đầu kiểm tra và cập nhật trạng thái sân...","timestamp":"2026-03-11 11:30:00"}
{"level":"info","message":"[CRON JOB] Bắt đầu kiểm tra và cập nhật trạng thái sân...","timestamp":"2026-03-11 04:30:00"}
{"level":"info","message":"[CRON JOB] Không có sân nào cần cập nhật lúc này.","timestamp":"2026-03-11 11:30:00"}
{"level":"info","message":"[CRON JOB] Không có sân nào cần cập nhật lúc này.","timestamp":"2026-03-11 04:30:00"}
{"level":"info","message":"[CRON JOB] Bắt đầu kiểm tra và cập nhật trạng thái sân...","timestamp":"2026-03-11 04:45:00"}
{"level":"info","message":"[CRON JOB] Không có sân nào cần cập nhật lúc này.","timestamp":"2026-03-11 04:45:00"}
{"level":"info","message":"GET /api/wallet/sepay-webhook - Trạng thái 404 - Thời gian xử lý: 23.159 ms","timestamp":"2026-03-11 04:49:06","type":"HTTP_METRICS"}
{"level":"info","message":"GET /api/wallet/sepay-webhook - Trạng thái 404 - Thời gian xử lý: 0.352 ms","timestamp":"2026-03-11 04:49:26","type":"HTTP_METRICS"}
{"level":"info","message":"GET /api/wallet/sepay-webhook - Trạng thái 404 - Thời gian xử lý: 0.599 ms","timestamp":"2026-03-11 04:51:05","type":"HTTP_METRICS"}
{"level":"info","message":"GET /api/wallet/sepay-webhook - Trạng thái 404 - Thời gian xử lý: 45.335 ms","timestamp":"2026-03-11 04:51:09","type":"HTTP_METRICS"}
{"level":"info","message":"POST /api/wallet/sepay-webhook - Trạng thái 404 - Thời gian xử lý: 0.774 ms","timestamp":"2026-03-11 04:51:25","type":"HTTP_METRICS"}
{"level":"info","message":"POST /api/wallet/sepay-webhook - Trạng thái 404 - Thời gian xử lý: 0.279 ms","timestamp":"2026-03-11 04:52:00","type":"HTTP_METRICS"}
{"level":"info","message":"POST /api/wallet/sepay-webhook - Trạng thái 404 - Thời gian xử lý: 0.371 ms","timestamp":"2026-03-11 04:53:46","type":"HTTP_METRICS"}
{"level":"info","message":"POST /api/wallet/sepay-webhook - Trạng thái 404 - Thời gian xử lý: 0.346 ms","timestamp":"2026-03-11 04:54:11","type":"HTTP_METRICS"}
{"level":"info","message":"POST /api/wallet/sepay-webhook - Trạng thái 404 - Thời gian xử lý: 0.362 ms","timestamp":"2026-03-11 04:55:59","type":"HTTP_METRICS"}
{"level":"info","message":"POST /api/wallet/sepay-webhook - Trạng thái 404 - Thời gian xử lý: 0.449 ms","timestamp":"2026-03-11 04:58:03","type":"HTTP_METRICS"}
{"level":"info","message":"POST /api/wallet/sepay-webhook - Trạng thái 404 - Thời gian xử lý: 0.244 ms","timestamp":"2026-03-11 04:58:23","type":"HTTP_METRICS"}
{"level":"info","message":"[CRON JOB] Bắt đầu kiểm tra và cập nhật trạng thái sân...","timestamp":"2026-03-11 05:00:00"}
{"level":"info","message":"[CRON JOB] Không có sân nào cần cập nhật lúc này.","timestamp":"2026-03-11 05:00:00"}
{"level":"info","message":"POST /api/wallet/sepay-webhook - Trạng thái 404 - Thời gian xử lý: 0.291 ms","timestamp":"2026-03-11 05:00:06","type":"HTTP_METRICS"}
{"level":"info","message":"POST /api/wallet/sepaywebhook - Trạng thái 404 - Thời gian xử lý: 0.280 ms","timestamp":"2026-03-11 05:00:21","type":"HTTP_METRICS"}
{"level":"info","message":"[CRON JOB] Bắt đầu kiểm tra và cập nhật trạng thái sân...","timestamp":"2026-03-11 17:45:00"}
{"level":"info","message":"[CRON JOB] Không có sân nào cần cập nhật lúc này.","timestamp":"2026-03-11 17:45:00"}
{"level":"info","message":"[CRON JOB] Bắt đầu kiểm tra và cập nhật trạng thái sân...","timestamp":"2026-03-12 06:30:00"}
{"level":"info","message":"[CRON JOB] Bắt đầu kiểm tra và cập nhật trạng thái sân...","timestamp":"2026-03-12 13:30:00"}
{"level":"info","message":"[CRON JOB] Không có sân nào cần cập nhật lúc này.","timestamp":"2026-03-12 06:30:00"}
{"level":"info","message":"[CRON JOB] Không có sân nào cần cập nhật lúc này.","timestamp":"2026-03-12 13:30:00"}
{"level":"info","message":"[CRON JOB] Bắt đầu kiểm tra và cập nhật trạng thái sân...","timestamp":"2026-03-12 06:45:00"}
{"level":"info","message":"[CRON JOB] Không có sân nào cần cập nhật lúc này.","timestamp":"2026-03-12 06:45:00"}
{"level":"info","message":"[CRON JOB] Bắt đầu kiểm tra và cập nhật trạng thái sân...","timestamp":"2026-03-12 07:00:00"}
{"level":"info","message":"[CRON JOB] Không có sân nào cần cập nhật lúc này.","timestamp":"2026-03-12 07:00:00"}
{"level":"info","message":"[CRON JOB] Bắt đầu kiểm tra và cập nhật trạng thái sân...","timestamp":"2026-03-12 07:15:00"}
{"level":"info","message":"[CRON JOB] Không có sân nào cần cập nhật lúc này.","timestamp":"2026-03-12 07:15:00"}
{"level":"info","message":"[CRON JOB] Bắt đầu kiểm tra và cập nhật trạng thái sân...","timestamp":"2026-03-12 07:30:00"}
{"level":"info","message":"[CRON JOB] Không có sân nào cần cập nhật lúc này.","timestamp":"2026-03-12 07:30:00"}
{"level":"info","message":"[CRON JOB] Bắt đầu kiểm tra và cập nhật trạng thái sân...","timestamp":"2026-03-12 07:45:00"}
{"level":"info","message":"[CRON JOB] Không có sân nào cần cập nhật lúc này.","timestamp":"2026-03-12 07:45:00"}
{"level":"info","message":"[CRON JOB] Bắt đầu kiểm tra và cập nhật trạng thái sân...","timestamp":"2026-03-12 08:00:00"}
{"level":"info","message":"[CRON JOB] Không có sân nào cần cập nhật lúc này.","timestamp":"2026-03-12 08:00:00"}
{"level":"info","message":"[CRON JOB] Bắt đầu kiểm tra và cập nhật trạng thái sân...","timestamp":"2026-03-12 08:15:00"}
{"level":"info","message":"[CRON JOB] Không có sân nào cần cập nhật lúc này.","timestamp":"2026-03-12 08:15:00"}
{"level":"info","message":"[CRON JOB] Bắt đầu kiểm tra và cập nhật trạng thái sân...","timestamp":"2026-03-13 03:15:00"}
{"level":"info","message":"[CRON JOB] Không có sân nào cần cập nhật lúc này.","timestamp":"2026-03-13 03:15:00"}
{"level":"info","message":"[CRON JOB] Bắt đầu kiểm tra và cập nhật trạng thái sân...","timestamp":"2026-03-13 03:30:00"}
{"level":"info","message":"[CRON JOB] Không có sân nào cần cập nhật lúc này.","timestamp":"2026-03-13 03:30:00"}
{"level":"info","message":"POST /api/bookings/hold - Trạng thái 404 - Thời gian xử lý: 36.393 ms","timestamp":"2026-03-13 03:44:29","type":"HTTP_METRICS"}
{"level":"info","message":"POST /api/bookings/hold - Trạng thái 404 - Thời gian xử lý: 0.438 ms","timestamp":"2026-03-13 03:44:41","type":"HTTP_METRICS"}
{"level":"info","message":"[CRON JOB] Bắt đầu kiểm tra và cập nhật trạng thái sân...","timestamp":"2026-03-13 03:45:00"}
{"level":"info","message":"[CRON JOB] Không có sân nào cần cập nhật lúc này.","timestamp":"2026-03-13 03:45:00"}
{"level":"info","message":"POST /api/bookings/hold-seat - Trạng thái 404 - Thời gian xử lý: 0.374 ms","timestamp":"2026-03-13 03:47:42","type":"HTTP_METRICS"}
{"level":"info","message":"POST /api/bookings/hold - Trạng thái 404 - Thời gian xử lý: 0.327 ms","timestamp":"2026-03-13 03:48:07","type":"HTTP_METRICS"}
{"level":"info","message":"GET /api/movies - Trạng thái 404 - Thời gian xử lý: 0.455 ms","timestamp":"2026-03-13 03:54:20","type":"HTTP_METRICS"}
{"level":"info","message":"GET /api/movies - Trạng thái 404 - Thời gian xử lý: 0.562 ms","timestamp":"2026-03-13 03:54:36","type":"HTTP_METRICS"}
{"level":"info","message":"GET /api/admin/bookings - Trạng thái 404 - Thời gian xử lý: 0.461 ms","timestamp":"2026-03-13 03:56:55","type":"HTTP_METRICS"}
{"level":"info","message":"GET /api/movies - Trạng thái 404 - Thời gian xử lý: 0.252 ms","timestamp":"2026-03-13 03:59:37","type":"HTTP_METRICS"}
{"level":"info","message":"[CRON JOB] Bắt đầu kiểm tra và cập nhật trạng thái sân...","timestamp":"2026-03-13 04:00:00"}
{"level":"info","message":"[CRON JOB] Không có sân nào cần cập nhật lúc này.","timestamp":"2026-03-13 04:00:00"}
{"level":"info","message":"[CRON JOB] Bắt đầu kiểm tra và cập nhật trạng thái sân...","timestamp":"2026-03-13 04:15:00"}
{"level":"info","message":"[CRON JOB] Không có sân nào cần cập nhật lúc này.","timestamp":"2026-03-13 04:15:00"}
{"level":"info","message":"GET /api/movies - Trạng thái 404 - Thời gian xử lý: 0.742 ms","timestamp":"2026-03-13 04:44:13","type":"HTTP_METRICS"}
{"level":"info","message":"[CRON JOB] Bắt đầu kiểm tra và cập nhật trạng thái sân...","timestamp":"2026-03-13 04:45:00"}
{"level":"info","message":"[CRON JOB] Không có sân nào cần cập nhật lúc này.","timestamp":"2026-03-13 04:45:00"}
{"level":"info","message":"GET /api/rooms/1 - Trạng thái 404 - Thời gian xử lý: 0.319 ms","timestamp":"2026-03-13 04:59:00","type":"HTTP_METRICS"}
{"level":"info","message":"[CRON JOB] Bắt đầu kiểm tra và cập nhật trạng thái sân...","timestamp":"2026-03-13 05:00:00"}
{"level":"info","message":"[CRON JOB] Không có sân nào cần cập nhật lúc này.","timestamp":"2026-03-13 05:00:00"}
{"level":"info","message":"GET /api/movies - Trạng thái 404 - Thời gian xử lý: 0.233 ms","timestamp":"2026-03-13 05:00:14","type":"HTTP_METRICS"}
{"level":"info","message":"GET /api/movies - Trạng thái 404 - Thời gian xử lý: 0.411 ms","timestamp":"2026-03-13 05:00:20","type":"HTTP_METRICS"}
{"level":"info","message":"GET /api/movies - Trạng thái 404 - Thời gian xử lý: 0.281 ms","timestamp":"2026-03-13 05:04:04","type":"HTTP_METRICS"}
{"level":"info","message":"GET /api/movies - Trạng thái 404 - Thời gian xử lý: 0.335 ms","timestamp":"2026-03-13 05:05:09","type":"HTTP_METRICS"}
{"level":"info","message":"GET /api/movies - Trạng thái 404 - Thời gian xử lý: 0.322 ms","timestamp":"2026-03-13 05:07:15","type":"HTTP_METRICS"}
{"level":"info","message":"POST /api/payments/sepay-webhook - Trạng thái 404 - Thời gian xử lý: 0.305 ms","timestamp":"2026-03-13 05:08:00","type":"HTTP_METRICS"}
{"level":"info","message":"PUT /api/admin/shows/1 - Trạng thái 404 - Thời gian xử lý: 0.278 ms","timestamp":"2026-03-13 05:08:12","type":"HTTP_METRICS"}
{"level":"info","message":"POST /api/movies - Trạng thái 404 - Thời gian xử lý: 0.477 ms","timestamp":"2026-03-13 05:08:16","type":"HTTP_METRICS"}
{"level":"info","message":"GET /api/movies - Trạng thái 404 - Thời gian xử lý: 0.224 ms","timestamp":"2026-03-13 05:09:24","type":"HTTP_METRICS"}
{"level":"info","message":"[CRON JOB] Bắt đầu kiểm tra và cập nhật trạng thái sân...","timestamp":"2026-03-13 07:15:00"}
{"level":"info","message":"[CRON JOB] Không có sân nào cần cập nhật lúc này.","timestamp":"2026-03-13 07:15:00"}
{"level":"info","message":"POST /api/bookings/hold - Trạng thái 404 - Thời gian xử lý: 0.969 ms","timestamp":"2026-03-13 07:20:19","type":"HTTP_METRICS"}
{"level":"info","message":"GET /api/movies - Trạng thái 404 - Thời gian xử lý: 1.087 ms","timestamp":"2026-03-13 07:23:43","type":"HTTP_METRICS"}
{"level":"info","message":"GET /api/movies - Trạng thái 404 - Thời gian xử lý: 0.230 ms","timestamp":"2026-03-13 07:23:43","type":"HTTP_METRICS"}
{"level":"info","message":"[CRON JOB] Bắt đầu kiểm tra và cập nhật trạng thái sân...","timestamp":"2026-03-13 07:30:00"}
{"level":"info","message":"[CRON JOB] Không có sân nào cần cập nhật lúc này.","timestamp":"2026-03-13 07:30:00"}
{"level":"info","message":"[CRON JOB] Bắt đầu kiểm tra và cập nhật trạng thái sân...","timestamp":"2026-03-13 07:45:00"}
{"level":"info","message":"[CRON JOB] Không có sân nào cần cập nhật lúc này.","timestamp":"2026-03-13 07:45:00"}
{"level":"info","message":"[CRON JOB] Bắt đầu kiểm tra và cập nhật trạng thái sân...","timestamp":"2026-03-13 08:00:00"}
{"level":"info","message":"[CRON JOB] Không có sân nào cần cập nhật lúc này.","timestamp":"2026-03-13 08:00:00"}
{"level":"info","message":"[CRON JOB] Bắt đầu kiểm tra và cập nhật trạng thái sân...","timestamp":"2026-03-13 08:15:00"}
{"level":"info","message":"[CRON JOB] Không có sân nào cần cập nhật lúc này.","timestamp":"2026-03-13 08:15:00"}
{"level":"info","message":"[CRON JOB] Bắt đầu kiểm tra và cập nhật trạng thái sân...","timestamp":"2026-03-13 08:30:00"}
{"level":"info","message":"[CRON JOB] Không có sân nào cần cập nhật lúc này.","timestamp":"2026-03-13 08:30:00"}
{"level":"info","message":"[CRON JOB] Bắt đầu kiểm tra và cập nhật trạng thái sân...","timestamp":"2026-03-13 08:45:00"}
{"level":"info","message":"[CRON JOB] Không có sân nào cần cập nhật lúc này.","timestamp":"2026-03-13 08:45:00"}
{"level":"info","message":"[CRON JOB] Bắt đầu kiểm tra và cập nhật trạng thái sân...","timestamp":"2026-03-13 09:00:00"}
{"level":"info","message":"[CRON JOB] Không có sân nào cần cập nhật lúc này.","timestamp":"2026-03-13 09:00:00"}
{"level":"info","message":"[CRON JOB] Bắt đầu kiểm tra và cập nhật trạng thái sân...","timestamp":"2026-03-13 09:15:00"}
{"level":"info","message":"[CRON JOB] Không có sân nào cần cập nhật lúc này.","timestamp":"2026-03-13 09:15:00"}
{"level":"info","message":"[CRON JOB] Bắt đầu kiểm tra và cập nhật trạng thái sân...","timestamp":"2026-03-13 09:30:00"}
{"level":"info","message":"[CRON JOB] Không có sân nào cần cập nhật lúc này.","timestamp":"2026-03-13 09:30:00"}
{"level":"info","message":"[CRON JOB] Bắt đầu kiểm tra và cập nhật trạng thái sân...","timestamp":"2026-03-13 09:45:00"}
{"level":"info","message":"[CRON JOB] Không có sân nào cần cập nhật lúc này.","timestamp":"2026-03-13 09:45:00"}
{"level":"info","message":"[CRON JOB] Bắt đầu kiểm tra và cập nhật trạng thái sân...","timestamp":"2026-03-13 10:00:00"}
{"level":"info","message":"[CRON JOB] Không có sân nào cần cập nhật lúc này.","timestamp":"2026-03-13 10:00:00"}
{"level":"info","message":"[CRON JOB] Bắt đầu kiểm tra và cập nhật trạng thái sân...","timestamp":"2026-03-13 10:15:00"}
{"level":"info","message":"[CRON JOB] Không có sân nào cần cập nhật lúc này.","timestamp":"2026-03-13 10:15:00"}
{"level":"info","message":"[CRON JOB] Bắt đầu kiểm tra và cập nhật trạng thái sân...","timestamp":"2026-03-13 10:30:00"}
{"level":"info","message":"[CRON JOB] Không có sân nào cần cập nhật lúc này.","timestamp":"2026-03-13 10:30:00"}
{"level":"info","message":"[CRON JOB] Bắt đầu kiểm tra và cập nhật trạng thái sân...","timestamp":"2026-03-13 10:45:00"}
{"level":"info","message":"[CRON JOB] Không có sân nào cần cập nhật lúc này.","timestamp":"2026-03-13 10:45:00"}
{"level":"info","message":"[CRON JOB] Bắt đầu kiểm tra và cập nhật trạng thái sân...","timestamp":"2026-03-13 11:00:00"}
{"level":"info","message":"[CRON JOB] Không có sân nào cần cập nhật lúc này.","timestamp":"2026-03-13 11:00:00"}
{"level":"info","message":"[CRON JOB] Bắt đầu kiểm tra và cập nhật trạng thái sân...","timestamp":"2026-03-13 11:15:00"}
{"level":"info","message":"[CRON JOB] Không có sân nào cần cập nhật lúc này.","timestamp":"2026-03-13 11:15:00"}
{"level":"info","message":"[CRON JOB] Bắt đầu kiểm tra và cập nhật trạng thái sân...","timestamp":"2026-03-13 11:30:00"}
{"level":"info","message":"[CRON JOB] Không có sân nào cần cập nhật lúc này.","timestamp":"2026-03-13 11:30:00"}
{"level":"info","message":"[CRON JOB] Bắt đầu kiểm tra và cập nhật trạng thái sân...","timestamp":"2026-03-13 11:45:00"}
{"level":"info","message":"[CRON JOB] Không có sân nào cần cập nhật lúc này.","timestamp":"2026-03-13 11:45:00"}
{"level":"info","message":"[CRON JOB] Bắt đầu kiểm tra và cập nhật trạng thái sân...","timestamp":"2026-03-13 12:00:00"}
{"level":"info","message":"[CRON JOB] Không có sân nào cần cập nhật lúc này.","timestamp":"2026-03-13 12:00:00"}
{"level":"info","message":"[CRON JOB] Bắt đầu kiểm tra và cập nhật trạng thái sân...","timestamp":"2026-03-13 12:15:00"}
{"level":"info","message":"[CRON JOB] Không có sân nào cần cập nhật lúc này.","timestamp":"2026-03-13 12:15:00"}
{"level":"info","message":"[CRON JOB] Bắt đầu kiểm tra và cập nhật trạng thái sân...","timestamp":"2026-03-13 12:30:00"}
{"level":"info","message":"[CRON JOB] Không có sân nào cần cập nhật lúc này.","timestamp":"2026-03-13 12:30:00"}
{"level":"info","message":"[CRON JOB] Bắt đầu kiểm tra và cập nhật trạng thái sân...","timestamp":"2026-03-13 12:45:00"}
{"level":"info","message":"[CRON JOB] Không có sân nào cần cập nhật lúc này.","timestamp":"2026-03-13 12:45:00"}
{"level":"info","message":"[CRON JOB] Bắt đầu kiểm tra và cập nhật trạng thái sân...","timestamp":"2026-03-13 13:00:00"}
{"level":"info","message":"[CRON JOB] Không có sân nào cần cập nhật lúc này.","timestamp":"2026-03-13 13:00:00"}
{"level":"info","message":"[CRON JOB] Bắt đầu kiểm tra và cập nhật trạng thái sân...","timestamp":"2026-03-13 13:15:00"}
{"level":"info","message":"[CRON JOB] Không có sân nào cần cập nhật lúc này.","timestamp":"2026-03-13 13:15:00"}
{"level":"info","message":"[CRON JOB] Bắt đầu kiểm tra và cập nhật trạng thái sân...","timestamp":"2026-03-13 13:30:00"}
{"level":"info","message":"[CRON JOB] Không có sân nào cần cập nhật lúc này.","timestamp":"2026-03-13 13:30:00"}
{"level":"info","message":"[CRON JOB] Bắt đầu kiểm tra và cập nhật trạng thái sân...","timestamp":"2026-03-13 13:45:00"}
{"level":"info","message":"[CRON JOB] Không có sân nào cần cập nhật lúc này.","timestamp":"2026-03-13 13:45:00"}
{"level":"info","message":"[CRON JOB] Bắt đầu kiểm tra và cập nhật trạng thái sân...","timestamp":"2026-03-13 14:00:00"}
{"level":"info","message":"[CRON JOB] Không có sân nào cần cập nhật lúc này.","timestamp":"2026-03-13 14:00:00"}
{"level":"info","message":"[CRON JOB] Bắt đầu kiểm tra và cập nhật trạng thái sân...","timestamp":"2026-03-13 14:15:00"}
{"level":"info","message":"[CRON JOB] Không có sân nào cần cập nhật lúc này.","timestamp":"2026-03-13 14:15:00"}
{"level":"info","message":"[CRON JOB] Bắt đầu kiểm tra và cập nhật trạng thái sân...","timestamp":"2026-03-13 14:30:00"}
{"level":"info","message":"[CRON JOB] Không có sân nào cần cập nhật lúc này.","timestamp":"2026-03-13 14:30:00"}
{"level":"info","message":"[CRON JOB] Bắt đầu kiểm tra và cập nhật trạng thái sân...","timestamp":"2026-03-13 14:45:00"}
{"level":"info","message":"[CRON JOB] Không có sân nào cần cập nhật lúc này.","timestamp":"2026-03-13 14:45:00"}
{"level":"info","message":"[CRON JOB] Bắt đầu kiểm tra và cập nhật trạng thái sân...","timestamp":"2026-03-13 15:00:00"}
{"level":"info","message":"[CRON JOB] Không có sân nào cần cập nhật lúc này.","timestamp":"2026-03-13 15:00:00"}
{"level":"info","message":"[CRON JOB] Bắt đầu kiểm tra và cập nhật trạng thái sân...","timestamp":"2026-03-13 15:15:00"}
{"level":"info","message":"[CRON JOB] Không có sân nào cần cập nhật lúc này.","timestamp":"2026-03-13 15:15:00"}
{"level":"info","message":"[CRON JOB] Bắt đầu kiểm tra và cập nhật trạng thái sân...","timestamp":"2026-03-13 15:30:00"}
{"level":"info","message":"[CRON JOB] Không có sân nào cần cập nhật lúc này.","timestamp":"2026-03-13 15:30:00"}
{"level":"info","message":"[CRON JOB] Bắt đầu kiểm tra và cập nhật trạng thái sân...","timestamp":"2026-03-13 15:45:00"}
{"level":"info","message":"[CRON JOB] Không có sân nào cần cập nhật lúc này.","timestamp":"2026-03-13 15:45:00"}
{"level":"info","message":"[CRON JOB] Bắt đầu kiểm tra và cập nhật trạng thái sân...","timestamp":"2026-03-13 16:00:00"}
{"level":"info","message":"[CRON JOB] Không có sân nào cần cập nhật lúc này.","timestamp":"2026-03-13 16:00:00"}
{"level":"info","message":"[CRON JOB] Bắt đầu kiểm tra và cập nhật trạng thái sân...","timestamp":"2026-03-13 16:15:00"}
{"level":"info","message":"[CRON JOB] Không có sân nào cần cập nhật lúc này.","timestamp":"2026-03-13 16:15:00"}
{"level":"info","message":"[CRON JOB] Bắt đầu kiểm tra và cập nhật trạng thái sân...","timestamp":"2026-03-13 16:30:00"}
{"level":"info","message":"[CRON JOB] Không có sân nào cần cập nhật lúc này.","timestamp":"2026-03-13 16:30:00"}
{"level":"info","message":"[CRON JOB] Bắt đầu kiểm tra và cập nhật trạng thái sân...","timestamp":"2026-03-13 16:45:00"}
{"level":"info","message":"[CRON JOB] Không có sân nào cần cập nhật lúc này.","timestamp":"2026-03-13 16:45:00"}
{"level":"info","message":"[CRON JOB] Bắt đầu kiểm tra và cập nhật trạng thái sân...","timestamp":"2026-03-13 17:00:00"}
{"level":"info","message":"[CRON JOB] Không có sân nào cần cập nhật lúc này.","timestamp":"2026-03-13 17:00:00"}
{"level":"info","message":"[CRON JOB] Bắt đầu kiểm tra và cập nhật trạng thái sân...","timestamp":"2026-03-13 17:15:00"}
{"level":"info","message":"[CRON JOB] Không có sân nào cần cập nhật lúc này.","timestamp":"2026-03-13 17:15:00"}
{"level":"info","message":"[CRON JOB] Bắt đầu kiểm tra và cập nhật trạng thái sân...","timestamp":"2026-03-13 17:30:00"}
{"level":"info","message":"[CRON JOB] Không có sân nào cần cập nhật lúc này.","timestamp":"2026-03-13 17:30:00"}
{"level":"info","message":"[CRON JOB] Bắt đầu kiểm tra và cập nhật trạng thái sân...","timestamp":"2026-03-14 13:45:00"}
{"level":"info","message":"[CRON JOB] Bắt đầu kiểm tra và cập nhật trạng thái sân...","timestamp":"2026-03-14 06:45:00"}
{"level":"info","message":"[CRON JOB] Không có sân nào cần cập nhật lúc này.","timestamp":"2026-03-14 06:45:00"}
{"level":"info","message":"[CRON JOB] Không có sân nào cần cập nhật lúc này.","timestamp":"2026-03-14 13:45:00"}
{"level":"info","message":"[CRON JOB] Bắt đầu kiểm tra và cập nhật trạng thái sân...","timestamp":"2026-03-14 07:00:00"}
{"level":"info","message":"[CRON JOB] Không có sân nào cần cập nhật lúc này.","timestamp":"2026-03-14 07:00:00"}
{"level":"info","message":"[CRON JOB] Bắt đầu kiểm tra và cập nhật trạng thái sân...","timestamp":"2026-03-14 14:00:00"}
{"level":"info","message":"[CRON JOB] Không có sân nào cần cập nhật lúc này.","timestamp":"2026-03-14 14:00:00"}
<<<<<<< Updated upstream
=======
{"level":"info","message":"POST /api/wallet/sepay-webhook - Trạng thái 404 - Thời gian xử lý: 0.789 ms","timestamp":"2026-03-15 17:19:54","type":"HTTP_METRICS"}
{"level":"info","message":"[CRON JOB] Bắt đầu kiểm tra và cập nhật trạng thái sân...","timestamp":"2026-03-15 17:30:00"}
{"level":"info","message":"[CRON JOB] Bắt đầu kiểm tra và cập nhật trạng thái sân...","timestamp":"2026-03-16 00:30:00"}
{"level":"info","message":"[CRON JOB] Không có sân nào cần cập nhật lúc này.","timestamp":"2026-03-15 17:30:00"}
{"level":"info","message":"[CRON JOB] Không có sân nào cần cập nhật lúc này.","timestamp":"2026-03-16 00:30:00"}
{"level":"info","message":"[CRON JOB] Bắt đầu kiểm tra và cập nhật trạng thái sân...","timestamp":"2026-03-16 00:45:00"}
{"level":"info","message":"[CRON JOB] Không có sân nào cần cập nhật lúc này.","timestamp":"2026-03-16 00:45:00"}
{"level":"info","message":"[CRON JOB] Bắt đầu kiểm tra và cập nhật trạng thái sân...","timestamp":"2026-03-15 17:45:00"}
{"level":"info","message":"[CRON JOB] Không có sân nào cần cập nhật lúc này.","timestamp":"2026-03-15 17:45:00"}
{"level":"info","message":"[CRON JOB] Bắt đầu kiểm tra và cập nhật trạng thái sân...","timestamp":"2026-03-15 18:00:00"}
{"level":"info","message":"[CRON JOB] Không có sân nào cần cập nhật lúc này.","timestamp":"2026-03-15 18:00:00"}
{"level":"info","message":"[CRON JOB] Bắt đầu kiểm tra và cập nhật trạng thái sân...","timestamp":"2026-03-15 18:15:00"}
{"level":"info","message":"[CRON JOB] Không có sân nào cần cập nhật lúc này.","timestamp":"2026-03-15 18:15:00"}
{"level":"info","message":"[CRON JOB] Bắt đầu kiểm tra và cập nhật trạng thái sân...","timestamp":"2026-03-15 18:30:00"}
{"level":"info","message":"[CRON JOB] Bắt đầu kiểm tra và cập nhật trạng thái sân...","timestamp":"2026-03-16 01:30:01"}
{"level":"info","message":"[CRON JOB] Không có sân nào cần cập nhật lúc này.","timestamp":"2026-03-15 18:30:02"}
{"level":"info","message":"[CRON JOB] Không có sân nào cần cập nhật lúc này.","timestamp":"2026-03-16 01:30:02"}
{"level":"info","message":"[CRON JOB] Bắt đầu kiểm tra và cập nhật trạng thái sân...","timestamp":"2026-03-16 03:45:00"}
{"level":"info","message":"[CRON JOB] Không có sân nào cần cập nhật lúc này.","timestamp":"2026-03-16 03:45:00"}
{"level":"info","message":"[CRON JOB] Bắt đầu kiểm tra và cập nhật trạng thái sân...","timestamp":"2026-03-16 04:00:00"}
{"level":"info","message":"[CRON JOB] Không có sân nào cần cập nhật lúc này.","timestamp":"2026-03-16 04:00:00"}
{"level":"info","message":"[CRON JOB] Bắt đầu kiểm tra và cập nhật trạng thái sân...","timestamp":"2026-03-16 04:15:00"}
{"level":"info","message":"[CRON JOB] Không có sân nào cần cập nhật lúc này.","timestamp":"2026-03-16 04:15:00"}
{"level":"info","message":"[CRON JOB] Bắt đầu kiểm tra và cập nhật trạng thái sân...","timestamp":"2026-03-17 02:15:00"}
{"level":"info","message":"[CRON JOB] Bắt đầu kiểm tra và cập nhật trạng thái sân...","timestamp":"2026-03-16 19:15:00"}
{"level":"info","message":"[CRON JOB] Không có sân nào cần cập nhật lúc này.","timestamp":"2026-03-17 02:15:00"}
{"level":"info","message":"[CRON JOB] Không có sân nào cần cập nhật lúc này.","timestamp":"2026-03-16 19:15:00"}
{"level":"info","message":"[CRON JOB] Bắt đầu kiểm tra và cập nhật trạng thái sân...","timestamp":"2026-03-16 19:30:00"}
{"level":"info","message":"[CRON JOB] Không có sân nào cần cập nhật lúc này.","timestamp":"2026-03-16 19:30:00"}
{"level":"info","message":"[CRON JOB] Bắt đầu kiểm tra và cập nhật trạng thái sân...","timestamp":"2026-03-17 02:30:00"}
{"level":"info","message":"[CRON JOB] Không có sân nào cần cập nhật lúc này.","timestamp":"2026-03-17 02:30:00"}
{"level":"info","message":"[CRON JOB] Bắt đầu kiểm tra và cập nhật trạng thái sân...","timestamp":"2026-03-16 19:45:00"}
{"level":"info","message":"[CRON JOB] Không có sân nào cần cập nhật lúc này.","timestamp":"2026-03-16 19:45:00"}
{"level":"info","message":"[CRON JOB] Bắt đầu kiểm tra và cập nhật trạng thái sân...","timestamp":"2026-03-17 02:45:00"}
{"level":"info","message":"[CRON JOB] Không có sân nào cần cập nhật lúc này.","timestamp":"2026-03-17 02:45:00"}
{"level":"info","message":"[CRON JOB] Bắt đầu kiểm tra và cập nhật trạng thái sân...","timestamp":"2026-03-16 20:00:00"}
{"level":"info","message":"[CRON JOB] Không có sân nào cần cập nhật lúc này.","timestamp":"2026-03-16 20:00:00"}
{"level":"info","message":"[CRON JOB] Bắt đầu kiểm tra và cập nhật trạng thái sân...","timestamp":"2026-03-17 03:00:00"}
{"level":"info","message":"[CRON JOB] Không có sân nào cần cập nhật lúc này.","timestamp":"2026-03-17 03:00:00"}
{"level":"info","message":"GET /api/voucher/test-nhan-pham - Trạng thái 404 - Thời gian xử lý: 1.030 ms","timestamp":"2026-03-16 20:00:02","type":"HTTP_METRICS"}
{"level":"info","message":"GET /api/voucher/test-nhan-pham - Trạng thái 404 - Thời gian xử lý: 0.387 ms","timestamp":"2026-03-16 20:00:09","type":"HTTP_METRICS"}
{"level":"info","message":"GET /favicon.ico - Trạng thái 404 - Thời gian xử lý: 0.331 ms","timestamp":"2026-03-16 20:00:09","type":"HTTP_METRICS"}
{"level":"info","message":"GET /api/voucher/create - Trạng thái 404 - Thời gian xử lý: 0.533 ms","timestamp":"2026-03-16 20:00:32","type":"HTTP_METRICS"}
{"level":"info","message":"GET /.well-known/appspecific/com.chrome.devtools.json - Trạng thái 404 - Thời gian xử lý: 0.276 ms","timestamp":"2026-03-16 20:00:37","type":"HTTP_METRICS"}
{"level":"info","message":"GET /api/voucher/create - Trạng thái 404 - Thời gian xử lý: 0.295 ms","timestamp":"2026-03-16 20:00:43","type":"HTTP_METRICS"}
{"level":"info","message":"GET /.well-known/appspecific/com.chrome.devtools.json - Trạng thái 404 - Thời gian xử lý: 0.375 ms","timestamp":"2026-03-16 20:00:43","type":"HTTP_METRICS"}
{"level":"info","message":"GET /api/voucher/create - Trạng thái 404 - Thời gian xử lý: 0.260 ms","timestamp":"2026-03-16 20:00:44","type":"HTTP_METRICS"}
{"level":"info","message":"GET /.well-known/appspecific/com.chrome.devtools.json - Trạng thái 404 - Thời gian xử lý: 0.240 ms","timestamp":"2026-03-16 20:00:44","type":"HTTP_METRICS"}
{"level":"info","message":"GET /api/voucher/create - Trạng thái 404 - Thời gian xử lý: 0.197 ms","timestamp":"2026-03-16 20:00:44","type":"HTTP_METRICS"}
{"level":"info","message":"GET /.well-known/appspecific/com.chrome.devtools.json - Trạng thái 404 - Thời gian xử lý: 0.249 ms","timestamp":"2026-03-16 20:00:44","type":"HTTP_METRICS"}
{"level":"info","message":"[CRON JOB] Bắt đầu kiểm tra và cập nhật trạng thái sân...","timestamp":"2026-03-17 07:00:00"}
{"level":"info","message":"[CRON JOB] Bắt đầu kiểm tra và cập nhật trạng thái sân...","timestamp":"2026-03-17 14:00:00"}
{"level":"info","message":"[CRON JOB] Không có sân nào cần cập nhật lúc này.","timestamp":"2026-03-17 07:00:00"}
{"level":"info","message":"[CRON JOB] Không có sân nào cần cập nhật lúc này.","timestamp":"2026-03-17 14:00:00"}
{"level":"info","message":"[CRON JOB] Bắt đầu kiểm tra và cập nhật trạng thái sân...","timestamp":"2026-03-17 14:15:00"}
{"level":"info","message":"[CRON JOB] Không có sân nào cần cập nhật lúc này.","timestamp":"2026-03-17 14:15:00"}
{"level":"info","message":"[CRON JOB] Bắt đầu kiểm tra và cập nhật trạng thái sân...","timestamp":"2026-03-17 07:15:00"}
{"level":"info","message":"[CRON JOB] Không có sân nào cần cập nhật lúc này.","timestamp":"2026-03-17 07:15:00"}
>>>>>>> Stashed changes
{"level":"info","message":"POST /api/voucher/create - Trạng thái 404 - Thời gian xử lý: 4.776 ms","timestamp":"2026-03-17 10:35:01","type":"HTTP_METRICS"}
{"level":"info","message":"POST /api/voucher/create - Trạng thái 404 - Thời gian xử lý: 0.353 ms","timestamp":"2026-03-17 10:35:20","type":"HTTP_METRICS"}
{"level":"info","message":"POST /api/voucher/create - Trạng thái 404 - Thời gian xử lý: 0.246 ms","timestamp":"2026-03-17 10:35:29","type":"HTTP_METRICS"}
{"level":"info","message":"GET /api/voucher/test-nhan-pham - Trạng thái 404 - Thời gian xử lý: 0.719 ms","timestamp":"2026-03-17 10:38:16","type":"HTTP_METRICS"}
{"level":"info","message":"GET /api/voucher/test-nhan-pham - Trạng thái 404 - Thời gian xử lý: 1.497 ms","timestamp":"2026-03-17 10:39:25","type":"HTTP_METRICS"}
{"level":"info","message":"POST /api/voucher/create - Trạng thái 404 - Thời gian xử lý: 0.338 ms","timestamp":"2026-03-17 10:39:29","type":"HTTP_METRICS"}
{"level":"info","message":"[CRON JOB] Bắt đầu kiểm tra và cập nhật trạng thái sân...","timestamp":"2026-03-17 10:45:00"}
{"level":"info","message":"[CRON JOB] Không có sân nào cần cập nhật lúc này.","timestamp":"2026-03-17 10:45:00"}
{"level":"info","message":"[CRON JOB] Bắt đầu kiểm tra và cập nhật trạng thái sân...","timestamp":"2026-03-17 11:15:00"}
{"level":"info","message":"[CRON JOB] Không có sân nào cần cập nhật lúc này.","timestamp":"2026-03-17 11:15:00"}
{"level":"info","message":"[CRON JOB] Bắt đầu kiểm tra và cập nhật trạng thái sân...","timestamp":"2026-03-17 11:30:00"}
{"level":"info","message":"[CRON JOB] Không có sân nào cần cập nhật lúc này.","timestamp":"2026-03-17 11:30:00"}
{"level":"info","message":"[CRON JOB] Bắt đầu kiểm tra và cập nhật trạng thái sân...","timestamp":"2026-03-17 11:45:00"}
{"level":"info","message":"[CRON JOB] Không có sân nào cần cập nhật lúc này.","timestamp":"2026-03-17 11:45:00"}
{"level":"info","message":"[CRON JOB] Bắt đầu kiểm tra và cập nhật trạng thái sân...","timestamp":"2026-03-17 12:00:00"}
{"level":"info","message":"[CRON JOB] Không có sân nào cần cập nhật lúc này.","timestamp":"2026-03-17 12:00:00"}
{"level":"info","message":"[CRON JOB] Bắt đầu kiểm tra và cập nhật trạng thái sân...","timestamp":"2026-03-17 12:15:00"}
{"level":"info","message":"[CRON JOB] Không có sân nào cần cập nhật lúc này.","timestamp":"2026-03-17 12:15:00"}
{"level":"info","message":"[CRON JOB] Bắt đầu kiểm tra và cập nhật trạng thái sân...","timestamp":"2026-03-17 12:30:00"}
{"level":"info","message":"[CRON JOB] Không có sân nào cần cập nhật lúc này.","timestamp":"2026-03-17 12:30:00"}
{"level":"info","message":"[CRON JOB] Bắt đầu kiểm tra và cập nhật trạng thái sân...","timestamp":"2026-03-17 12:45:00"}
{"level":"info","message":"[CRON JOB] Không có sân nào cần cập nhật lúc này.","timestamp":"2026-03-17 12:45:00"}
{"level":"info","message":"[CRON JOB] Bắt đầu kiểm tra và cập nhật trạng thái sân...","timestamp":"2026-03-17 13:00:00"}
{"level":"info","message":"[CRON JOB] Không có sân nào cần cập nhật lúc này.","timestamp":"2026-03-17 13:00:00"}
{"level":"info","message":"GET /api/bookings/17/pay - Trạng thái 404 - Thời gian xử lý: 0.454 ms","timestamp":"2026-03-17 13:06:44","type":"HTTP_METRICS"}
{"level":"info","message":"GET /api/bookings/17/pay - Trạng thái 404 - Thời gian xử lý: 1.387 ms","timestamp":"2026-03-17 13:07:06","type":"HTTP_METRICS"}
{"level":"info","message":"GET /api/auth/login - Trạng thái 404 - Thời gian xử lý: 1.251 ms","timestamp":"2026-03-17 13:11:36","type":"HTTP_METRICS"}
{"level":"info","message":"GET /api/bookings/17/pay - Trạng thái 404 - Thời gian xử lý: 0.218 ms","timestamp":"2026-03-17 13:11:50","type":"HTTP_METRICS"}
{"level":"info","message":"[CRON JOB] Bắt đầu kiểm tra và cập nhật trạng thái sân...","timestamp":"2026-03-17 13:15:00"}
{"level":"info","message":"[CRON JOB] Không có sân nào cần cập nhật lúc này.","timestamp":"2026-03-17 13:15:00"}
{"level":"info","message":"[CRON JOB] Bắt đầu kiểm tra và cập nhật trạng thái sân...","timestamp":"2026-03-17 13:30:00"}
{"level":"info","message":"[CRON JOB] Không có sân nào cần cập nhật lúc này.","timestamp":"2026-03-17 13:30:00"}
{"level":"info","message":"[CRON JOB] Bắt đầu kiểm tra và cập nhật trạng thái sân...","timestamp":"2026-03-17 13:45:00"}
{"level":"info","message":"[CRON JOB] Không có sân nào cần cập nhật lúc này.","timestamp":"2026-03-17 13:45:00"}
{"level":"info","message":"[CRON JOB] Bắt đầu kiểm tra và cập nhật trạng thái sân...","timestamp":"2026-03-17 14:00:00"}
{"level":"info","message":"[CRON JOB] Không có sân nào cần cập nhật lúc này.","timestamp":"2026-03-17 14:00:00"}
{"level":"info","message":"[CRON JOB] Bắt đầu kiểm tra và cập nhật trạng thái sân...","timestamp":"2026-03-17 14:15:00"}
{"level":"info","message":"[CRON JOB] Không có sân nào cần cập nhật lúc này.","timestamp":"2026-03-17 14:15:00"}
{"level":"info","message":"[CRON JOB] Bắt đầu kiểm tra và cập nhật trạng thái sân...","timestamp":"2026-03-17 14:30:00"}
{"level":"info","message":"[CRON JOB] Không có sân nào cần cập nhật lúc này.","timestamp":"2026-03-17 14:30:00"}
{"level":"info","message":"[CRON JOB] Bắt đầu kiểm tra và cập nhật trạng thái sân...","timestamp":"2026-03-17 14:45:00"}
{"level":"info","message":"[CRON JOB] Không có sân nào cần cập nhật lúc này.","timestamp":"2026-03-17 14:45:00"}
{"level":"info","message":"[CRON JOB] Bắt đầu kiểm tra và cập nhật trạng thái sân...","timestamp":"2026-03-17 15:00:00"}
{"level":"info","message":"[CRON JOB] Không có sân nào cần cập nhật lúc này.","timestamp":"2026-03-17 15:00:00"}
{"level":"info","message":"[CRON JOB] Bắt đầu kiểm tra và cập nhật trạng thái sân...","timestamp":"2026-03-17 15:15:00"}
{"level":"info","message":"[CRON JOB] Không có sân nào cần cập nhật lúc này.","timestamp":"2026-03-17 15:15:00"}
{"level":"info","message":"DELETE /api/bookings/19/cancel - Trạng thái 404 - Thời gian xử lý: 6.832 ms","timestamp":"2026-03-17 15:23:45","type":"HTTP_METRICS"}
{"action":"DELETE_BOOKING_ERROR","actor_id":3,"level":"error","message":"Lỗi khi hủy sân: insert into \"transactions\" (\"booking_id\", \"status\", \"transfer_amount\", \"user_id\") values ($1, $2, $3, $4) - column \"booking_id\" of relation \"transactions\" does not exist","target_booking_id":"19","timestamp":"2026-03-17 15:24:37"}
{"level":"info","message":"[CRON JOB] Bắt đầu kiểm tra và cập nhật trạng thái sân...","timestamp":"2026-03-17 15:30:00"}
{"level":"info","message":"[CRON JOB] Không có sân nào cần cập nhật lúc này.","timestamp":"2026-03-17 15:30:00"}
{"action":"DELETE_BOOKING_ERROR","actor_id":3,"level":"error","message":"Lỗi khi hủy sân: insert into \"transactions\" (\"status\", \"transfer_amount\", \"user_id\") values ($1, $2, $3) - column \"status\" of relation \"transactions\" does not exist","target_booking_id":"19","timestamp":"2026-03-17 15:32:53"}
{"level":"info","message":"[CRON JOB] Bắt đầu kiểm tra và cập nhật trạng thái sân...","timestamp":"2026-03-17 15:45:00"}
{"level":"info","message":"[CRON JOB] Không có sân nào cần cập nhật lúc này.","timestamp":"2026-03-17 15:45:00"}
{"action":"DELETE_BOOKING_ERROR","actor_id":3,"level":"error","message":"Lỗi khi hủy sân: insert into \"transactions\" (\"status\", \"transfer_amount\", \"user_id\") values ($1, $2, $3) - null value in column \"gateway_transaction_id\" of relation \"transactions\" violates not-null constraint","target_booking_id":"19","timestamp":"2026-03-17 15:47:53"}
{"action":"DELETE_BOOKING","actor_id":3,"actor_name":"khach1","level":"info","message":"Hành động hủy sân được thực hiện","target_booking_id":"19","time":"2026-03-17T15:51:25.127Z","timestamp":"2026-03-17 15:51:25"}
{"level":"info","message":"[CRON JOB] Bắt đầu kiểm tra và cập nhật trạng thái sân...","timestamp":"2026-03-17 16:30:00"}
{"level":"info","message":"[CRON JOB] Không có sân nào cần cập nhật lúc này.","timestamp":"2026-03-17 16:30:00"}
{"level":"info","message":"[CRON JOB] Bắt đầu kiểm tra và cập nhật trạng thái sân...","timestamp":"2026-03-17 16:45:00"}
{"level":"info","message":"[CRON JOB] Không có sân nào cần cập nhật lúc này.","timestamp":"2026-03-17 16:45:00"}
{"level":"info","message":"[CRON JOB] Bắt đầu kiểm tra và cập nhật trạng thái sân...","timestamp":"2026-03-17 17:00:00"}
{"level":"info","message":"[CRON JOB] Không có sân nào cần cập nhật lúc này.","timestamp":"2026-03-17 17:00:00"}
{"level":"info","message":"[CRON JOB] Bắt đầu kiểm tra và cập nhật trạng thái sân...","timestamp":"2026-03-17 17:15:00"}
{"level":"info","message":"[CRON JOB] Không có sân nào cần cập nhật lúc này.","timestamp":"2026-03-17 17:15:00"}
{"level":"info","message":"[CRON JOB] Bắt đầu kiểm tra và cập nhật trạng thái sân...","timestamp":"2026-03-17 17:45:00"}
{"level":"info","message":"[CRON JOB] Không có sân nào cần cập nhật lúc này.","timestamp":"2026-03-17 17:45:00"}
{"action":"DELETE_BOOKING_ERROR","actor_id":3,"level":"error","message":"Lỗi khi hủy sân: Đơn này đã được hủy từ trước rồi!","target_booking_id":"19","timestamp":"2026-03-17 17:55:48"}
{"level":"info","message":"[CRON JOB] Bắt đầu kiểm tra và cập nhật trạng thái sân...","timestamp":"2026-03-17 18:00:00"}
{"level":"info","message":"[CRON JOB] Không có sân nào cần cập nhật lúc này.","timestamp":"2026-03-17 18:00:00"}
{"level":"info","message":"[CRON JOB] Bắt đầu kiểm tra và cập nhật trạng thái sân...","timestamp":"2026-03-17 18:15:00"}
{"level":"info","message":"[CRON JOB] Không có sân nào cần cập nhật lúc này.","timestamp":"2026-03-17 18:15:00"}
{"level":"info","message":"[CRON JOB] Bắt đầu kiểm tra và cập nhật trạng thái sân...","timestamp":"2026-03-17 18:30:00"}
{"level":"info","message":"[CRON JOB] Không có sân nào cần cập nhật lúc này.","timestamp":"2026-03-17 18:30:00"}
{"level":"info","message":"[CRON JOB] Bắt đầu kiểm tra và cập nhật trạng thái sân...","timestamp":"2026-03-17 18:45:00"}
{"level":"info","message":"[CRON JOB] Không có sân nào cần cập nhật lúc này.","timestamp":"2026-03-17 18:45:00"}
{"level":"info","message":"GET /api/bookings/reports/errors - Trạng thái 403 - Thời gian xử lý: 4.260 ms","timestamp":"2026-03-18 03:43:42","type":"HTTP_METRICS"}
{"level":"info","message":"[CRON JOB] Bắt đầu kiểm tra và cập nhật trạng thái sân...","timestamp":"2026-03-18 03:45:00"}
{"level":"error","message":" [CRON JOB] Lỗi hệ thống khi cập nhật sân: update \"Bookings\" set \"status\" = $1 where \"status\" = $2 and (\"booking_date\" < $3 or (\"booking_date\" = $4 and \"end_time\" < $5)) - relation \"Bookings\" does not exist","timestamp":"2026-03-18 03:45:00"}
{"level":"info","message":"GET /api/bookings/mine - Trạng thái 403 - Thời gian xử lý: 8.440 ms","timestamp":"2026-03-18 03:59:04","type":"HTTP_METRICS"}
{"level":"info","message":"GET /api/courts - Trạng thái 500 - Thời gian xử lý: 53.792 ms","timestamp":"2026-03-18 03:59:23","type":"HTTP_METRICS"}
{"level":"info","message":"[CRON JOB] Bắt đầu kiểm tra và cập nhật trạng thái sân...","timestamp":"2026-03-18 04:00:00"}
{"level":"error","message":" [CRON JOB] Lỗi hệ thống khi cập nhật sân: update \"Bookings\" set \"status\" = $1 where \"status\" = $2 and (\"booking_date\" < $3 or (\"booking_date\" = $4 and \"end_time\" < $5)) - relation \"Bookings\" does not exist","timestamp":"2026-03-18 04:00:00"}
{"level":"info","message":"GET /api/bookings/mine - Trạng thái 200 - Thời gian xử lý: 59.001 ms","timestamp":"2026-03-18 04:32:44","type":"HTTP_METRICS"}
{"level":"info","message":"POST /api/auth/login - Trạng thái 200 - Thời gian xử lý: 95.807 ms","timestamp":"2026-03-18 04:32:55","type":"HTTP_METRICS"}
{"level":"info","message":"POST /api/voucher/create - Trạng thái 500 - Thời gian xử lý: 15.441 ms","timestamp":"2026-03-18 04:33:11","type":"HTTP_METRICS"}
{"level":"info","message":"POST /api/voucher/create - Trạng thái 500 - Thời gian xử lý: 2.595 ms","timestamp":"2026-03-18 04:34:35","type":"HTTP_METRICS"}
{"level":"info","message":"POST /api/voucher/create - Trạng thái 500 - Thời gian xử lý: 35.229 ms","timestamp":"2026-03-18 04:35:15","type":"HTTP_METRICS"}
{"level":"info","message":"POST /api/voucher/create - Trạng thái 500 - Thời gian xử lý: 30.584 ms","timestamp":"2026-03-18 04:37:29","type":"HTTP_METRICS"}
{"level":"info","message":"POST /api/voucher/create - Trạng thái 500 - Thời gian xử lý: 40.237 ms","timestamp":"2026-03-18 04:40:45","type":"HTTP_METRICS"}
{"level":"info","message":"POST /api/voucher/create - Trạng thái 500 - Thời gian xử lý: 2.817 ms","timestamp":"2026-03-18 04:40:46","type":"HTTP_METRICS"}
{"level":"info","message":"POST /api/voucher/create - Trạng thái 201 - Thời gian xử lý: 36.353 ms","timestamp":"2026-03-18 04:42:26","type":"HTTP_METRICS"}
{"level":"info","message":"GET /api/courts - Trạng thái 200 - Thời gian xử lý: 18.484 ms","timestamp":"2026-03-18 04:42:54","type":"HTTP_METRICS"}
{"level":"info","message":"[CRON JOB] Bắt đầu kiểm tra và cập nhật trạng thái sân...","timestamp":"2026-03-18 04:45:00"}
{"level":"info","message":"[CRON JOB] Không có sân nào cần cập nhật lúc này.","timestamp":"2026-03-18 04:45:00"}
{"level":"info","message":"PATCH /api/courts/5/image - Trạng thái 401 - Thời gian xử lý: 3.191 ms","timestamp":"2026-03-18 04:54:25","type":"HTTP_METRICS"}
{"level":"info","message":"PATCH /api/courts/5/image - Trạng thái 500 - Thời gian xử lý: 45.933 ms","timestamp":"2026-03-18 04:54:43","type":"HTTP_METRICS"}
{"level":"info","message":"PATCH /api/courts/5/image - Trạng thái 500 - Thời gian xử lý: 13.089 ms","timestamp":"2026-03-18 04:56:35","type":"HTTP_METRICS"}
{"level":"info","message":"PATCH /api/courts/5/image - Trạng thái 500 - Thời gian xử lý: 81.071 ms","timestamp":"2026-03-18 04:58:44","type":"HTTP_METRICS"}
{"level":"info","message":"PATCH /api/courts/5/image - Trạng thái 500 - Thời gian xử lý: 106.148 ms","timestamp":"2026-03-18 04:59:34","type":"HTTP_METRICS"}
{"level":"info","message":"[CRON JOB] Bắt đầu kiểm tra và cập nhật trạng thái sân...","timestamp":"2026-03-18 05:00:00"}
{"level":"info","message":"[CRON JOB] Không có sân nào cần cập nhật lúc này.","timestamp":"2026-03-18 05:00:00"}
{"level":"info","message":"PATCH /api/courts/5/image - Trạng thái 500 - Thời gian xử lý: 340.426 ms","timestamp":"2026-03-18 05:01:55","type":"HTTP_METRICS"}
{"level":"info","message":"POST /api/auth/login - Trạng thái 200 - Thời gian xử lý: 189.379 ms","timestamp":"2026-03-19 14:14:17","type":"HTTP_METRICS"}
{"level":"info","message":"[CRON JOB] Bắt đầu kiểm tra và cập nhật trạng thái sân...","timestamp":"2026-03-19 14:15:00"}
{"level":"info","message":"[CRON JOB] Không có sân nào cần cập nhật lúc này.","timestamp":"2026-03-19 14:15:00"}
{"level":"info","message":"POST /api/auth/login - Trạng thái 200 - Thời gian xử lý: 49.237 ms","timestamp":"2026-03-19 14:15:47","type":"HTTP_METRICS"}
{"level":"info","message":"PATCH /api/courts/1/type - Trạng thái 400 - Thời gian xử lý: 3.533 ms","timestamp":"2026-03-19 14:16:23","type":"HTTP_METRICS"}
{"level":"info","message":"PATCH /api/courts/1/type - Trạng thái 400 - Thời gian xử lý: 2.833 ms","timestamp":"2026-03-19 14:16:35","type":"HTTP_METRICS"}
{"level":"info","message":"PATCH /api/courts/1/type - Trạng thái 400 - Thời gian xử lý: 1.299 ms","timestamp":"2026-03-19 14:16:40","type":"HTTP_METRICS"}
{"level":"info","message":"PATCH /api/courts/1/type - Trạng thái 200 - Thời gian xử lý: 21.748 ms","timestamp":"2026-03-19 14:16:58","type":"HTTP_METRICS"}
{"level":"info","message":"GET /api/bookings/mine - Trạng thái 403 - Thời gian xử lý: 1.138 ms","timestamp":"2026-03-19 14:20:31","type":"HTTP_METRICS"}
{"level":"info","message":"GET /api/bookings/available - Trạng thái 400 - Thời gian xử lý: 0.681 ms","timestamp":"2026-03-19 14:20:36","type":"HTTP_METRICS"}
{"level":"info","message":"POST /api/auth/login - Trạng thái 200 - Thời gian xử lý: 45.135 ms","timestamp":"2026-03-19 14:21:48","type":"HTTP_METRICS"}
{"level":"info","message":"PATCH /api/courts/2/image - Trạng thái 200 - Thời gian xử lý: 122.124 ms","timestamp":"2026-03-19 14:21:58","type":"HTTP_METRICS"}
{"level":"info","message":"GET /uploads/courts/court-2-1773930118777.webp - Trạng thái 200 - Thời gian xử lý: 20.031 ms","timestamp":"2026-03-19 14:22:01","type":"HTTP_METRICS"}
{"level":"info","message":"GET /favicon.ico - Trạng thái 404 - Thời gian xử lý: 0.921 ms","timestamp":"2026-03-19 14:22:01","type":"HTTP_METRICS"}
{"level":"info","message":"[CRON JOB] Bắt đầu kiểm tra và cập nhật trạng thái sân...","timestamp":"2026-03-19 14:30:00"}
{"level":"info","message":"[CRON JOB] Không có sân nào cần cập nhật lúc này.","timestamp":"2026-03-19 14:30:00"}
{"level":"info","message":"[CRON JOB] Bắt đầu kiểm tra và cập nhật trạng thái sân...","timestamp":"2026-03-19 14:45:00"}
{"level":"info","message":"[CRON JOB] Không có sân nào cần cập nhật lúc này.","timestamp":"2026-03-19 14:45:00"}
{"level":"info","message":"[CRON JOB] Bắt đầu kiểm tra và cập nhật trạng thái sân...","timestamp":"2026-03-19 15:00:00"}
{"level":"info","message":"[CRON JOB] Không có sân nào cần cập nhật lúc này.","timestamp":"2026-03-19 15:00:00"}
{"level":"info","message":"GET /api/bookings/mine - Trạng thái 403 - Thời gian xử lý: 35.783 ms","timestamp":"2026-03-19 15:14:37","type":"HTTP_METRICS"}
{"level":"info","message":"POST /api/auth/login - Trạng thái 200 - Thời gian xử lý: 121.372 ms","timestamp":"2026-03-19 15:14:44","type":"HTTP_METRICS"}
{"level":"info","message":"[CRON JOB] Bắt đầu kiểm tra và cập nhật trạng thái sân...","timestamp":"2026-03-19 15:15:00"}
{"level":"info","message":"[CRON JOB] Không có sân nào cần cập nhật lúc này.","timestamp":"2026-03-19 15:15:00"}
{"level":"info","message":"[CRON JOB] Bắt đầu kiểm tra và cập nhật trạng thái sân...","timestamp":"2026-03-19 15:30:00"}
{"level":"info","message":"[CRON JOB] Không có sân nào cần cập nhật lúc này.","timestamp":"2026-03-19 15:30:00"}
{"level":"info","message":"[CRON JOB] Bắt đầu kiểm tra và cập nhật trạng thái sân...","timestamp":"2026-03-19 15:45:00"}
{"level":"info","message":"[CRON JOB] Không có sân nào cần cập nhật lúc này.","timestamp":"2026-03-19 15:45:00"}
{"level":"info","message":"[CRON JOB] Bắt đầu kiểm tra và cập nhật trạng thái sân...","timestamp":"2026-03-19 16:00:00"}
{"level":"info","message":"[CRON JOB] Không có sân nào cần cập nhật lúc này.","timestamp":"2026-03-19 16:00:00"}
{"level":"info","message":"[CRON JOB] Bắt đầu kiểm tra và cập nhật trạng thái sân...","timestamp":"2026-03-19 16:15:00"}
{"level":"info","message":"[CRON JOB] Không có sân nào cần cập nhật lúc này.","timestamp":"2026-03-19 16:15:00"}
{"level":"info","message":"[CRON JOB] Bắt đầu kiểm tra và cập nhật trạng thái sân...","timestamp":"2026-03-19 16:30:00"}
{"level":"info","message":"[CRON JOB] Không có sân nào cần cập nhật lúc này.","timestamp":"2026-03-19 16:30:00"}
{"level":"info","message":"[CRON JOB] Bắt đầu kiểm tra và cập nhật trạng thái sân...","timestamp":"2026-03-19 16:45:00"}
{"level":"info","message":"[CRON JOB] Không có sân nào cần cập nhật lúc này.","timestamp":"2026-03-19 16:45:00"}
{"level":"info","message":"[CRON JOB] Bắt đầu kiểm tra và cập nhật trạng thái sân...","timestamp":"2026-03-19 17:00:00"}
{"level":"info","message":"[CRON JOB] Không có sân nào cần cập nhật lúc này.","timestamp":"2026-03-19 17:00:00"}
{"level":"info","message":"POST /api/courts/5/prices - Trạng thái 404 - Thời gian xử lý: 48.050 ms","timestamp":"2026-03-19 17:01:20","type":"HTTP_METRICS"}
{"level":"info","message":"POST /api/courts/5/prices - Trạng thái 401 - Thời gian xử lý: 14.475 ms","timestamp":"2026-03-19 17:03:49","type":"HTTP_METRICS"}
{"level":"info","message":"POST /api/auth/login - Trạng thái 200 - Thời gian xử lý: 157.645 ms","timestamp":"2026-03-19 17:03:57","type":"HTTP_METRICS"}
{"level":"info","message":"POST /api/courts/5/prices - Trạng thái 500 - Thời gian xử lý: 182.961 ms","timestamp":"2026-03-19 17:04:22","type":"HTTP_METRICS"}
{"level":"info","message":"POST /api/courts/1/prices - Trạng thái 201 - Thời gian xử lý: 7.834 ms","timestamp":"2026-03-19 17:08:48","type":"HTTP_METRICS"}
{"level":"info","message":"[CRON JOB] Bắt đầu kiểm tra và cập nhật trạng thái sân...","timestamp":"2026-03-19 17:15:00"}
{"level":"info","message":"[CRON JOB] Không có sân nào cần cập nhật lúc này.","timestamp":"2026-03-19 17:15:00"}
{"level":"info","message":"[CRON JOB] Bắt đầu kiểm tra và cập nhật trạng thái sân...","timestamp":"2026-03-19 17:30:00"}
{"level":"info","message":"[CRON JOB] Không có sân nào cần cập nhật lúc này.","timestamp":"2026-03-19 17:30:00"}
{"level":"info","message":"[CRON JOB] Bắt đầu kiểm tra và cập nhật trạng thái sân...","timestamp":"2026-03-19 17:45:00"}
{"level":"info","message":"[CRON JOB] Không có sân nào cần cập nhật lúc này.","timestamp":"2026-03-19 17:45:00"}
{"level":"info","message":"[CRON JOB] Bắt đầu kiểm tra và cập nhật trạng thái sân...","timestamp":"2026-03-19 18:00:00"}
{"level":"info","message":"[CRON JOB] Không có sân nào cần cập nhật lúc này.","timestamp":"2026-03-19 18:00:00"}
{"level":"info","message":"POST /api/auth/login - Trạng thái 200 - Thời gian xử lý: 156.697 ms","timestamp":"2026-03-19 18:03:57","type":"HTTP_METRICS"}
{"level":"info","message":"POST /api/bookings - Trạng thái 409 - Thời gian xử lý: 54.811 ms","timestamp":"2026-03-19 18:04:04","type":"HTTP_METRICS"}
{"level":"info","message":"POST /api/wallet/topup - Trạng thái 403 - Thời gian xử lý: 3.129 ms","timestamp":"2026-03-19 18:04:21","type":"HTTP_METRICS"}
{"level":"info","message":"POST /api/auth/login - Trạng thái 200 - Thời gian xử lý: 53.815 ms","timestamp":"2026-03-19 18:04:26","type":"HTTP_METRICS"}
{"level":"info","message":"POST /api/wallet/topup - Trạng thái 403 - Thời gian xử lý: 5.637 ms","timestamp":"2026-03-19 18:04:32","type":"HTTP_METRICS"}
{"level":"info","message":"POST /api/wallet/topup - Trạng thái 403 - Thời gian xử lý: 5.714 ms","timestamp":"2026-03-19 18:04:36","type":"HTTP_METRICS"}
{"level":"info","message":"POST /api/wallet/topup - Trạng thái 403 - Thời gian xử lý: 1.176 ms","timestamp":"2026-03-19 18:04:41","type":"HTTP_METRICS"}
{"level":"info","message":"POST /api/wallet/sepaywebhook - Trạng thái 200 - Thời gian xử lý: 399.576 ms","timestamp":"2026-03-19 18:04:46","type":"HTTP_METRICS"}
{"level":"info","message":"POST /api/wallet/topup - Trạng thái 403 - Thời gian xử lý: 1.258 ms","timestamp":"2026-03-19 18:05:07","type":"HTTP_METRICS"}
{"level":"info","message":"POST /api/wallet/topup - Trạng thái 200 - Thời gian xử lý: 59.530 ms","timestamp":"2026-03-19 18:08:30","type":"HTTP_METRICS"}
{"level":"info","message":"POST /api/auth/login - Trạng thái 200 - Thời gian xử lý: 65.494 ms","timestamp":"2026-03-19 18:08:41","type":"HTTP_METRICS"}
{"level":"info","message":"POST /api/wallet/topup - Trạng thái 403 - Thời gian xử lý: 1.459 ms","timestamp":"2026-03-19 18:08:50","type":"HTTP_METRICS"}
{"level":"info","message":"POST /api/bookings - Trạng thái 201 - Thời gian xử lý: 63.570 ms","timestamp":"2026-03-19 18:08:58","type":"HTTP_METRICS"}
{"level":"info","message":"POST /api/bookings - Trạng thái 409 - Thời gian xử lý: 6.469 ms","timestamp":"2026-03-19 18:09:44","type":"HTTP_METRICS"}
{"level":"info","message":"POST /api/bookings - Trạng thái 409 - Thời gian xử lý: 5.099 ms","timestamp":"2026-03-19 18:10:13","type":"HTTP_METRICS"}
{"level":"info","message":"POST /api/bookings - Trạng thái 409 - Thời gian xử lý: 7.092 ms","timestamp":"2026-03-19 18:10:20","type":"HTTP_METRICS"}
{"level":"info","message":"[CRON JOB] Bắt đầu kiểm tra và cập nhật trạng thái sân...","timestamp":"2026-03-19 18:15:00"}
{"level":"info","message":"[CRON JOB] Không có sân nào cần cập nhật lúc này.","timestamp":"2026-03-19 18:15:00"}
{"level":"info","message":"[CRON JOB] Bắt đầu kiểm tra và cập nhật trạng thái sân...","timestamp":"2026-03-19 18:30:00"}
{"level":"info","message":"[CRON JOB] Không có sân nào cần cập nhật lúc này.","timestamp":"2026-03-19 18:30:00"}
{"level":"info","message":"[CRON JOB] Bắt đầu kiểm tra và cập nhật trạng thái sân...","timestamp":"2026-03-19 18:45:00"}
{"level":"info","message":"[CRON JOB] Không có sân nào cần cập nhật lúc này.","timestamp":"2026-03-19 18:45:00"}
{"level":"info","message":"[CRON JOB] Bắt đầu kiểm tra và cập nhật trạng thái sân...","timestamp":"2026-03-19 19:00:00"}
{"level":"info","message":"[CRON JOB] Không có sân nào cần cập nhật lúc này.","timestamp":"2026-03-19 19:00:00"}
{"level":"info","message":"[CRON JOB] Bắt đầu kiểm tra và cập nhật trạng thái sân...","timestamp":"2026-03-19 19:15:00"}
{"level":"info","message":"[CRON JOB] Không có sân nào cần cập nhật lúc này.","timestamp":"2026-03-19 19:15:00"}
{"level":"info","message":"POST /api/auth/login - Trạng thái 200 - Thời gian xử lý: 236.456 ms","timestamp":"2026-03-19 19:23:58","type":"HTTP_METRICS"}
{"level":"info","message":"POST /api/courts/1/maintenances - Trạng thái 500 - Thời gian xử lý: 41.581 ms","timestamp":"2026-03-19 19:24:08","type":"HTTP_METRICS"}
{"level":"info","message":"POST /api/courts/5/maintenances - Trạng thái 500 - Thời gian xử lý: 5.608 ms","timestamp":"2026-03-19 19:25:06","type":"HTTP_METRICS"}
{"level":"info","message":"[CRON JOB] Bắt đầu kiểm tra và cập nhật trạng thái sân...","timestamp":"2026-03-19 19:30:00"}
{"level":"info","message":"[CRON JOB] Không có sân nào cần cập nhật lúc này.","timestamp":"2026-03-19 19:30:00"}
{"level":"info","message":"POST /api/courts/5/maintenances - Trạng thái 500 - Thời gian xử lý: 5.030 ms","timestamp":"2026-03-19 19:30:13","type":"HTTP_METRICS"}
{"level":"info","message":"POST /api/courts/5/maintenances - Trạng thái 404 - Thời gian xử lý: 54.237 ms","timestamp":"2026-03-19 19:31:54","type":"HTTP_METRICS"}
{"level":"info","message":"POST /api/courts/2/maintenances - Trạng thái 201 - Thời gian xử lý: 26.504 ms","timestamp":"2026-03-19 19:32:12","type":"HTTP_METRICS"}
{"level":"info","message":"[CRON JOB] Bắt đầu kiểm tra và cập nhật trạng thái sân...","timestamp":"2026-03-20 01:00:00"}
{"level":"info","message":"[CRON JOB] Không có sân nào cần cập nhật lúc này.","timestamp":"2026-03-20 01:00:00"}
{"level":"info","message":"[CRON JOB] Bắt đầu kiểm tra và cập nhật trạng thái sân...","timestamp":"2026-03-20 01:15:00"}
{"level":"info","message":"[CRON JOB] Không có sân nào cần cập nhật lúc này.","timestamp":"2026-03-20 01:15:00"}
{"level":"info","message":"[CRON JOB] Bắt đầu kiểm tra và cập nhật trạng thái sân...","timestamp":"2026-03-20 01:30:00"}
{"level":"info","message":"[CRON JOB] Không có sân nào cần cập nhật lúc này.","timestamp":"2026-03-20 01:30:00"}
{"level":"info","message":"[CRON JOB] Bắt đầu kiểm tra và cập nhật trạng thái sân...","timestamp":"2026-03-20 01:45:00"}
{"level":"info","message":"[CRON JOB] Không có sân nào cần cập nhật lúc này.","timestamp":"2026-03-20 01:45:00"}
{"level":"info","message":"[CRON JOB] Bắt đầu kiểm tra và cập nhật trạng thái sân...","timestamp":"2026-03-20 02:00:00"}
{"level":"info","message":"[CRON JOB] Không có sân nào cần cập nhật lúc này.","timestamp":"2026-03-20 02:00:00"}
{"level":"info","message":"[CRON JOB] Bắt đầu kiểm tra và cập nhật trạng thái sân...","timestamp":"2026-03-20 02:15:00"}
{"level":"info","message":"[CRON JOB] Không có sân nào cần cập nhật lúc này.","timestamp":"2026-03-20 02:15:00"}
{"level":"info","message":"[CRON JOB] Bắt đầu kiểm tra và cập nhật trạng thái sân...","timestamp":"2026-03-20 04:15:00"}
{"level":"info","message":"[CRON JOB] Không có sân nào cần cập nhật lúc này.","timestamp":"2026-03-20 04:15:00"}
{"level":"info","message":"[CRON JOB] Bắt đầu kiểm tra và cập nhật trạng thái sân...","timestamp":"2026-03-20 04:30:00"}
{"level":"info","message":"[CRON JOB] Không có sân nào cần cập nhật lúc này.","timestamp":"2026-03-20 04:30:00"}
{"level":"info","message":"[CRON JOB] Bắt đầu kiểm tra và cập nhật trạng thái sân...","timestamp":"2026-03-20 04:45:00"}
{"level":"info","message":"[CRON JOB] Không có sân nào cần cập nhật lúc này.","timestamp":"2026-03-20 04:45:00"}
{"level":"info","message":"[CRON JOB] Bắt đầu kiểm tra và cập nhật trạng thái sân...","timestamp":"2026-03-20 05:00:00"}
{"level":"info","message":"[CRON JOB] Không có sân nào cần cập nhật lúc này.","timestamp":"2026-03-20 05:00:00"}
